<?xml version="1.0" encoding="UTF-8"?>
<!-- Generated by org.testng.reporters.JUnitXMLReporter -->
<testsuite ignored="0" hostname="LAPTOP-D6EH55C7" failures="0" tests="3" name="Default test" time="52.615" errors="0" timestamp="2024-07-14T14:47:18 IST">
  <testcase classname="Example.ParallelTestExample" name="Test1" time="20.007"/>
  <testcase classname="Example.ParallelTestExample" name="Test2" time="13.916"/>
  <testcase classname="Example.ParallelTestExample" name="Test3" time="18.609"/>
</testsuite> <!-- Default test -->
